2021-03-30 11:57:19,534-DEBUG-FUNC:<module>-LINE:7: Connecting to the database with pymysql
2021-03-30 11:57:32,519-DEBUG-FUNC:<module>-LINE:7: Connecting to the database with pymysql
2021-03-30 11:58:37,182-DEBUG-FUNC:<module>-LINE:7: Connecting to the database with pymysql
2021-03-30 12:00:24,916-DEBUG-FUNC:<module>-LINE:7: Connecting to the database with pymysql
2021-03-30 12:00:24,926-DEBUG-FUNC:create_driver-LINE:75: Running create_driver
2021-03-30 12:00:24,926-INFO-FUNC:create_driver-LINE:82: Interactive mode chosen
2021-03-30 12:00:26,940-INFO-FUNC:get_available_topics-LINE:10: Scrapping the available topics
2021-03-30 12:00:56,459-DEBUG-FUNC:<module>-LINE:7: Connecting to the database with pymysql
2021-03-30 12:00:56,470-DEBUG-FUNC:create_driver-LINE:75: Running create_driver
2021-03-30 12:00:56,470-INFO-FUNC:create_driver-LINE:82: Interactive mode chosen
2021-03-30 12:00:57,942-INFO-FUNC:get_available_topics-LINE:10: Scrapping the available topics
2021-03-30 12:01:42,605-DEBUG-FUNC:<module>-LINE:7: Connecting to the database with pymysql
2021-03-30 12:01:42,625-DEBUG-FUNC:create_driver-LINE:75: Running create_driver
2021-03-30 12:01:42,625-INFO-FUNC:create_driver-LINE:82: Interactive mode chosen
2021-03-30 12:01:43,953-INFO-FUNC:get_available_topics-LINE:10: Scrapping the available topics
2021-03-30 12:09:48,509-DEBUG-FUNC:<module>-LINE:7: Connecting to the database with pymysql
2021-03-30 12:09:48,523-DEBUG-FUNC:create_driver-LINE:75: Running create_driver
2021-03-30 12:09:48,524-INFO-FUNC:create_driver-LINE:82: Interactive mode chosen
2021-03-30 12:09:49,983-INFO-FUNC:get_available_topics-LINE:10: Scrapping the available topics
2021-03-30 12:15:58,673-DEBUG-FUNC:<module>-LINE:7: Connecting to the database with pymysql
2021-03-30 12:15:58,691-DEBUG-FUNC:create_driver-LINE:75: Running create_driver
2021-03-30 12:15:58,691-INFO-FUNC:create_driver-LINE:82: Interactive mode chosen
2021-03-30 12:16:00,451-INFO-FUNC:get_available_topics-LINE:10: Scrapping the available topics
2021-03-30 12:16:21,279-DEBUG-FUNC:<module>-LINE:7: Connecting to the database with pymysql
2021-03-30 12:16:21,294-DEBUG-FUNC:create_driver-LINE:75: Running create_driver
2021-03-30 12:16:21,294-INFO-FUNC:create_driver-LINE:82: Interactive mode chosen
2021-03-30 12:16:22,893-INFO-FUNC:get_available_topics-LINE:10: Scrapping the available topics
2021-03-30 12:19:21,630-DEBUG-FUNC:<module>-LINE:7: Connecting to the database with pymysql
2021-03-30 12:19:21,643-DEBUG-FUNC:create_driver-LINE:76: Running create_driver
2021-03-30 12:19:21,644-INFO-FUNC:create_driver-LINE:83: Interactive mode chosen
2021-03-30 12:19:23,416-INFO-FUNC:get_available_topics-LINE:10: Scrapping the available topics
2021-03-30 12:21:54,485-DEBUG-FUNC:<module>-LINE:7: Connecting to the database with pymysql
2021-03-30 12:21:54,515-DEBUG-FUNC:create_driver-LINE:75: Running create_driver
2021-03-30 12:21:54,515-INFO-FUNC:create_driver-LINE:82: Interactive mode chosen
2021-03-30 12:21:56,248-INFO-FUNC:get_available_topics-LINE:10: Scrapping the available topics
2021-03-30 12:24:48,992-DEBUG-FUNC:<module>-LINE:7: Connecting to the database with pymysql
2021-03-30 12:24:49,008-DEBUG-FUNC:create_driver-LINE:77: Running create_driver
2021-03-30 12:24:49,009-INFO-FUNC:create_driver-LINE:84: Interactive mode chosen
2021-03-30 12:24:50,715-INFO-FUNC:get_available_topics-LINE:10: Scrapping the available topics
2021-03-30 12:25:21,516-DEBUG-FUNC:<module>-LINE:7: Connecting to the database with pymysql
2021-03-30 12:25:21,534-DEBUG-FUNC:create_driver-LINE:77: Running create_driver
2021-03-30 12:25:21,534-INFO-FUNC:create_driver-LINE:84: Interactive mode chosen
2021-03-30 12:25:23,096-INFO-FUNC:get_available_topics-LINE:10: Scrapping the available topics
2021-03-30 12:27:40,647-DEBUG-FUNC:<module>-LINE:7: Connecting to the database with pymysql
2021-03-30 12:27:40,657-DEBUG-FUNC:create_driver-LINE:77: Running create_driver
2021-03-30 12:27:40,657-INFO-FUNC:create_driver-LINE:84: Interactive mode chosen
2021-03-30 12:27:42,299-INFO-FUNC:get_available_topics-LINE:10: Scrapping the available topics
2021-03-30 12:30:43,411-DEBUG-FUNC:<module>-LINE:7: Connecting to the database with pymysql
2021-03-30 12:30:43,428-DEBUG-FUNC:create_driver-LINE:78: Running create_driver
2021-03-30 12:30:43,428-INFO-FUNC:create_driver-LINE:85: Interactive mode chosen
2021-03-30 12:30:45,231-INFO-FUNC:get_available_topics-LINE:10: Scrapping the available topics
2021-03-30 12:31:27,131-DEBUG-FUNC:<module>-LINE:7: Connecting to the database with pymysql
2021-03-30 12:31:27,142-DEBUG-FUNC:create_driver-LINE:79: Running create_driver
2021-03-30 12:31:27,142-INFO-FUNC:create_driver-LINE:86: Interactive mode chosen
2021-03-30 12:31:28,858-INFO-FUNC:get_available_topics-LINE:10: Scrapping the available topics
2021-03-30 12:43:15,701-DEBUG-FUNC:<module>-LINE:7: Connecting to the database with pymysql
2021-03-30 12:43:15,714-DEBUG-FUNC:create_driver-LINE:78: Running create_driver
2021-03-30 12:43:15,714-INFO-FUNC:create_driver-LINE:85: Interactive mode chosen
2021-03-30 12:43:17,610-INFO-FUNC:get_available_topics-LINE:10: Scrapping the available topics
2021-03-30 12:46:48,471-DEBUG-FUNC:<module>-LINE:7: Connecting to the database with pymysql
2021-03-30 12:46:48,486-DEBUG-FUNC:create_driver-LINE:78: Running create_driver
2021-03-30 12:46:48,486-INFO-FUNC:create_driver-LINE:85: Interactive mode chosen
2021-03-30 12:46:50,575-INFO-FUNC:get_available_topics-LINE:10: Scrapping the available topics
2021-03-30 12:54:02,393-INFO-FUNC:topic_selector-LINE:29: 
The available topics are:
2021-03-30 13:09:53,281-DEBUG-FUNC:<module>-LINE:7: Connecting to the database with pymysql
2021-03-30 13:10:05,342-DEBUG-FUNC:<module>-LINE:7: Connecting to the database with pymysql
2021-03-30 13:10:05,358-DEBUG-FUNC:main-LINE:63: Running main function
2021-03-30 13:10:05,359-DEBUG-FUNC:create_driver-LINE:29: Running create_driver
2021-03-30 13:10:05,359-INFO-FUNC:create_driver-LINE:36: Interactive mode chosen
2021-03-30 13:10:07,226-INFO-FUNC:get_available_topics-LINE:10: Scrapping the available topics
2021-03-30 13:11:26,491-DEBUG-FUNC:scrape_authors-LINE:68: Running scrape_author
2021-03-30 13:11:26,510-DEBUG-FUNC:scrape_img-LINE:49: Running scrape_img
2021-03-30 13:11:26,513-DEBUG-FUNC:scrape_text-LINE:59: Running scrape_text
2021-03-30 13:11:26,728-DEBUG-FUNC:save_topic-LINE:68: Running save_topics
2021-03-30 13:11:26,757-DEBUG-FUNC:save_text-LINE:49: Running save_text
2021-03-30 13:11:26,786-DEBUG-FUNC:save_links-LINE:190: Running save_links
2021-03-30 13:11:26,786-DEBUG-FUNC:save_link-LINE:116: Running save_link
2021-03-30 13:11:26,801-DEBUG-FUNC:save_article_link-LINE:166: Running save_article_links
2021-03-30 13:11:26,814-DEBUG-FUNC:save_link-LINE:116: Running save_link
2021-03-30 13:11:26,817-DEBUG-FUNC:save_article_link-LINE:166: Running save_article_links
2021-03-30 13:11:26,821-DEBUG-FUNC:save_link-LINE:116: Running save_link
2021-03-30 13:11:26,827-DEBUG-FUNC:save_article_link-LINE:166: Running save_article_links
2021-03-30 13:11:26,831-DEBUG-FUNC:save_authors-LINE:197: Running save_authors
2021-03-30 13:11:26,831-DEBUG-FUNC:save_author-LINE:140: Running save_author
2021-03-30 13:11:26,847-DEBUG-FUNC:save_article_link-LINE:166: Running save_article_links
